2024-05-27 20:03:25,279 [INFO] Activator:176 - 


2024-05-27 20:03:25,283 [INFO] Activator:177 - !SESSION log4j initialized
2024-05-27 20:03:32,527 [INFO] LogOutputStream:77 - [STDOUT_REDIRECT] 
2024-05-27 20:03:45,469 [INFO] ApplicationProperties:184 - Using Application install path: C:\ST\STM32CubeIDE_1.15.1\STM32CubeIDE\plugins\com.st.stm32cube.common.mx_6.11.1.202404110753
2024-05-27 20:03:45,484 [INFO] DbMcusXml:78 - Set database path to: C:\ST\STM32CubeIDE_1.15.1\STM32CubeIDE\plugins\com.st.stm32cube.common.mx_6.11.1.202404110753\\db\/mcu/
2024-05-27 20:03:45,484 [INFO] ApiDb:274 - Set plugin database path to: C:\ST\STM32CubeIDE_1.15.1\STM32CubeIDE\plugins\com.st.stm32cube.common.mx_6.11.1.202404110753\\db\/plugins/boardmanager/
2024-05-27 20:03:45,484 [WARN] ApiDb:259 - Overriding images path with different value:  => C:\ST\STM32CubeIDE_1.15.1\STM32CubeIDE\plugins\com.st.stm32cube.common.mx_6.11.1.202404110753\\db\/plugins/mcufinder/images/
2024-05-27 20:03:45,498 [INFO] ApiDb:250 - Set database path to: C:\Users\ipave\.stmcufinder\plugins\mcufinder//mcu/
2024-05-27 20:03:45,499 [INFO] DbMcusAds:125 - Set database path to: C:\Users\ipave\.stmcufinder\plugins\mcufinder//mcu/
2024-05-27 20:03:45,506 [INFO] CrossReferenceDbSqlite:203 - Set database path to: C:\Users\ipave\.stmcufinder\plugins\mcufinder//mcu/cs/
2024-05-27 20:03:45,594 [INFO] RulesReader:64 - Compatibility file has been processed (297 Rules)
2024-05-27 20:03:45,675 [INFO] DbMcusXml:78 - Set database path to: C:\ST\STM32CubeIDE_1.15.1\STM32CubeIDE\plugins\com.st.stm32cube.common.mx_6.11.1.202404110753\\db\/mcu/
2024-05-27 20:03:45,676 [INFO] ApiDb:274 - Set plugin database path to: C:\ST\STM32CubeIDE_1.15.1\STM32CubeIDE\plugins\com.st.stm32cube.common.mx_6.11.1.202404110753\\db\/plugins/boardmanager/
2024-05-27 20:03:45,676 [INFO] ApiDb:261 - Set plugin images path to: C:\ST\STM32CubeIDE_1.15.1\STM32CubeIDE\plugins\com.st.stm32cube.common.mx_6.11.1.202404110753\\db\/plugins/mcufinder/images/
2024-05-27 20:03:45,676 [WARN] DbFile:41 - Overriding database path with different value: C:\Users\ipave\.stmcufinder\plugins\mcufinder/ => C:\Users\ipave\.stmcufinder\plugins\mcufinder
2024-05-27 20:03:45,676 [INFO] ApiDb:250 - Set database path to: C:\Users\ipave\.stmcufinder\plugins\mcufinder//mcu/
2024-05-27 20:03:45,676 [WARN] DbFile:41 - Overriding database path with different value: C:\Users\ipave\.stmcufinder\plugins\mcufinder/ => C:\Users\ipave\.stmcufinder\plugins\mcufinder
2024-05-27 20:03:45,676 [INFO] DbMcusAds:125 - Set database path to: C:\Users\ipave\.stmcufinder\plugins\mcufinder//mcu/
2024-05-27 20:03:45,676 [WARN] DbFile:41 - Overriding database path with different value: C:\Users\ipave\.stmcufinder\plugins\mcufinder/ => C:\Users\ipave\.stmcufinder\plugins\mcufinder
2024-05-27 20:03:45,677 [WARN] DbFile:41 - Overriding database path with different value: C:\Users\ipave\.stmcufinder\plugins\mcufinder/ => C:\Users\ipave\.stmcufinder\plugins\mcufinder
2024-05-27 20:03:45,677 [INFO] CrossReferenceDbSqlite:203 - Set database path to: C:\Users\ipave\.stmcufinder\plugins\mcufinder//mcu/cs/
2024-05-27 20:03:45,764 [INFO] MainPanel:264 - HeapMemory: 268435456
2024-05-27 20:03:45,851 [INFO] DbMcusXml:78 - Set database path to: C:\ST\STM32CubeIDE_1.15.1\STM32CubeIDE\plugins\com.st.stm32cube.common.mx_6.11.1.202404110753\\db\/mcu/
2024-05-27 20:03:45,851 [INFO] ApiDb:274 - Set plugin database path to: C:\ST\STM32CubeIDE_1.15.1\STM32CubeIDE\plugins\com.st.stm32cube.common.mx_6.11.1.202404110753\\db\/plugins/boardmanager/
2024-05-27 20:03:45,851 [INFO] ApiDb:261 - Set plugin images path to: C:\ST\STM32CubeIDE_1.15.1\STM32CubeIDE\plugins\com.st.stm32cube.common.mx_6.11.1.202404110753\\db\/plugins/mcufinder/images/
2024-05-27 20:03:45,851 [WARN] DbFile:41 - Overriding database path with different value: C:\Users\ipave\.stmcufinder\plugins\mcufinder/ => C:\Users\ipave\.stmcufinder\plugins\mcufinder
2024-05-27 20:03:45,851 [INFO] ApiDb:250 - Set database path to: C:\Users\ipave\.stmcufinder\plugins\mcufinder//mcu/
2024-05-27 20:03:45,852 [WARN] DbFile:41 - Overriding database path with different value: C:\Users\ipave\.stmcufinder\plugins\mcufinder/ => C:\Users\ipave\.stmcufinder\plugins\mcufinder
2024-05-27 20:03:45,852 [INFO] DbMcusAds:125 - Set database path to: C:\Users\ipave\.stmcufinder\plugins\mcufinder//mcu/
2024-05-27 20:03:45,852 [WARN] DbFile:41 - Overriding database path with different value: C:\Users\ipave\.stmcufinder\plugins\mcufinder/ => C:\Users\ipave\.stmcufinder\plugins\mcufinder
2024-05-27 20:03:45,852 [WARN] DbFile:41 - Overriding database path with different value: C:\Users\ipave\.stmcufinder\plugins\mcufinder/ => C:\Users\ipave\.stmcufinder\plugins\mcufinder
2024-05-27 20:03:45,852 [INFO] CrossReferenceDbSqlite:203 - Set database path to: C:\Users\ipave\.stmcufinder\plugins\mcufinder//mcu/cs/
2024-05-27 20:03:45,868 [INFO] ApplicationProperties:184 - Using Application install path: C:\ST\STM32CubeIDE_1.15.1\STM32CubeIDE\plugins\com.st.stm32cube.common.mx_6.11.1.202404110753
2024-05-27 20:03:45,869 [INFO] PluginManage:196 - Search for loadable plugins [exclusion list=, ]
2024-05-27 20:03:45,871 [INFO] PluginManage:310 - Check plugin analytics
2024-05-27 20:03:50,969 [INFO] AnalyticsPlugin:253 - Accepted Software Licenses: 
2024-05-27 20:03:50,969 [INFO] AnalyticsPlugin:255 - Accepted CMSIS Pack Licenses: 
2024-05-27 20:03:50,970 [INFO] AnalyticsPlugin:257 - Accepted Firmware Licenses: 
2024-05-27 20:03:50,971 [INFO] PluginManage:359 - Loaded plugin analytics (category:tool,tabindex:-1)
2024-05-27 20:03:50,971 [INFO] PluginManage:310 - Check plugin cadmodel
2024-05-27 20:03:50,982 [INFO] CADModel:105 - Init CAD model plugin
2024-05-27 20:03:50,982 [INFO] PluginManage:359 - Loaded plugin cadmodel (category:power,tabindex:5)
2024-05-27 20:03:50,983 [INFO] PluginManage:310 - Check plugin clock
2024-05-27 20:03:50,997 [INFO] PluginManage:359 - Loaded plugin clock (category:base,tabindex:2)
2024-05-27 20:03:50,997 [INFO] PluginManage:310 - Check plugin ddr
2024-05-27 20:03:50,998 [INFO] PluginManage:359 - Loaded plugin ddr (category:tool,tabindex:6)
2024-05-27 20:03:50,998 [INFO] PluginManage:310 - Check plugin filemanager
2024-05-27 20:03:51,110 [INFO] PluginManage:359 - Loaded plugin filemanager (category:base,tabindex:10)
2024-05-27 20:03:51,110 [INFO] PluginManage:310 - Check plugin ipmanager
2024-05-27 20:03:51,116 [INFO] PluginManage:359 - Loaded plugin ipmanager (category:base,tabindex:5)
2024-05-27 20:03:51,116 [INFO] PluginManage:310 - Check plugin lpbam
2024-05-27 20:03:51,130 [INFO] PluginManage:359 - Loaded plugin lpbam (category:base,tabindex:0)
2024-05-27 20:03:51,130 [INFO] PluginManage:310 - Check plugin memorymap
2024-05-27 20:03:51,151 [INFO] PluginManage:359 - Loaded plugin memorymap (category:base,tabindex:4)
2024-05-27 20:03:51,151 [INFO] PluginManage:310 - Check plugin pinoutandconfiguration
2024-05-27 20:03:51,164 [INFO] PluginManage:359 - Loaded plugin pinoutandconfiguration (category:base,tabindex:1)
2024-05-27 20:03:51,164 [INFO] PluginManage:310 - Check plugin pinoutconfig
2024-05-27 20:03:51,231 [WARN] SupportedApi:132 - Cannot load RTOS API schema: s4s-elt-must-match.1: The content of 'definitions' must match (annotation?, (simpleType | complexType)?, (unique | key | keyref)*)). A problem was found starting at: attribute.
2024-05-27 20:03:51,327 [INFO] PluginManage:359 - Loaded plugin pinoutconfig (category:base,tabindex:0)
2024-05-27 20:03:51,328 [INFO] PluginManage:310 - Check plugin power
2024-05-27 20:03:51,346 [INFO] PluginManage:359 - Loaded plugin power (category:power,tabindex:4)
2024-05-27 20:03:51,346 [INFO] PluginManage:310 - Check plugin projectmanager
2024-05-27 20:03:51,358 [INFO] PluginManage:359 - Loaded plugin projectmanager (category:projectmanager,tabindex:3)
2024-05-27 20:03:51,358 [INFO] PluginManage:310 - Check plugin thirdparty
2024-05-27 20:03:51,553 [INFO] PluginManage:359 - Loaded plugin thirdparty (category:base,tabindex:-1)
2024-05-27 20:03:51,553 [INFO] PluginManage:310 - Check plugin tools
2024-05-27 20:03:51,553 [WARN] IntegrityCheckThread:84 - waiting for thirdparty lock release [integrity check]
2024-05-27 20:03:51,553 [INFO] IntegrityCheckThread:86 - entering critical section [integrity check]
2024-05-27 20:03:51,553 [INFO] ThirdPartyUpdaterWithRetryManager:70 - Updater plugin not ready yet. [1/15]
2024-05-27 20:03:51,575 [INFO] PluginManage:359 - Loaded plugin tools (category:base,tabindex:7)
2024-05-27 20:03:51,576 [INFO] PluginManage:310 - Check plugin tutovideos
2024-05-27 20:03:51,723 [INFO] PluginManage:359 - Loaded plugin tutovideos (category:base,tabindex:-1)
2024-05-27 20:03:51,723 [INFO] PluginManage:310 - Check plugin updater
2024-05-27 20:03:51,731 [INFO] PluginManage:359 - Loaded plugin updater (category:base,tabindex:12)
2024-05-27 20:03:51,731 [INFO] PluginManage:310 - Check plugin userauth
2024-05-27 20:03:51,735 [INFO] UserAuth:114 - Init User Auth plugin
2024-05-27 20:03:51,735 [INFO] PluginManage:359 - Loaded plugin userauth (category:base,tabindex:14)
2024-05-27 20:03:51,735 [INFO] PluginManage:283 - PluginManage : Loaded plugins [17]
2024-05-27 20:03:51,893 [INFO] PinOutPanel:1561 - setPackage(No Configuration,No Configuration)
2024-05-27 20:03:51,949 [INFO] CADModel:165 - CPN selected for project level
2024-05-27 20:03:51,949 [INFO] CADModel:114 - Register for checkConnection events
2024-05-27 20:03:51,969 [INFO] IPUIPlugin:80 - create IPUIPlugin
2024-05-27 20:03:51,970 [INFO] PluginManager:220 - loadIPPluginJar : add adc
2024-05-27 20:03:51,994 [INFO] IPUIPlugin:80 - create IPUIPlugin
2024-05-27 20:03:51,994 [INFO] PluginManager:220 - loadIPPluginJar : add aes
2024-05-27 20:03:52,020 [INFO] IPUIPlugin:80 - create IPUIPlugin
2024-05-27 20:03:52,020 [INFO] PluginManager:220 - loadIPPluginJar : add can
2024-05-27 20:03:52,037 [INFO] IPUIPlugin:80 - create IPUIPlugin
2024-05-27 20:03:52,037 [INFO] PluginManager:220 - loadIPPluginJar : add comp
2024-05-27 20:03:52,059 [INFO] IPUIPlugin:80 - create IPUIPlugin
2024-05-27 20:03:52,059 [INFO] PluginManager:220 - loadIPPluginJar : add cryp
2024-05-27 20:03:52,078 [INFO] IPUIPlugin:80 - create IPUIPlugin
2024-05-27 20:03:52,078 [INFO] PluginManager:220 - loadIPPluginJar : add dfsdm
2024-05-27 20:03:52,088 [INFO] IPUIPlugin:80 - create IPUIPlugin
2024-05-27 20:03:52,088 [INFO] PluginManager:220 - loadIPPluginJar : add dma
2024-05-27 20:03:52,120 [INFO] IPUIPlugin:80 - create IPUIPlugin
2024-05-27 20:03:52,120 [INFO] PluginManager:220 - loadIPPluginJar : add dma3
2024-05-27 20:03:52,150 [INFO] IPUIPlugin:80 - create IPUIPlugin
2024-05-27 20:03:52,150 [INFO] PluginManager:220 - loadIPPluginJar : add extmemmanager
2024-05-27 20:03:52,167 [INFO] IPUIPlugin:80 - create IPUIPlugin
2024-05-27 20:03:52,168 [INFO] PluginManager:220 - loadIPPluginJar : add fatfs
2024-05-27 20:03:52,203 [INFO] IPUIPlugin:80 - create IPUIPlugin
2024-05-27 20:03:52,203 [INFO] PluginManager:220 - loadIPPluginJar : add fmc
2024-05-27 20:03:52,215 [INFO] IPUIPlugin:80 - create IPUIPlugin
2024-05-27 20:03:52,215 [INFO] PluginManager:220 - loadIPPluginJar : add freertos
2024-05-27 20:03:52,230 [INFO] IPUIPlugin:80 - create IPUIPlugin
2024-05-27 20:03:52,230 [INFO] PluginManager:220 - loadIPPluginJar : add genericplugin
2024-05-27 20:03:52,295 [INFO] IPUIPlugin:80 - create IPUIPlugin
2024-05-27 20:03:52,295 [INFO] PluginManager:220 - loadIPPluginJar : add gfxmmu
2024-05-27 20:03:52,387 [INFO] IPUIPlugin:80 - create IPUIPlugin
2024-05-27 20:03:52,387 [INFO] PluginManager:220 - loadIPPluginJar : add gic
2024-05-27 20:03:52,396 [INFO] IPUIPlugin:80 - create IPUIPlugin
2024-05-27 20:03:52,397 [INFO] PluginManager:220 - loadIPPluginJar : add gpio
2024-05-27 20:03:52,463 [INFO] IPUIPlugin:80 - create IPUIPlugin
2024-05-27 20:03:52,463 [INFO] PluginManager:220 - loadIPPluginJar : add gtzc
2024-05-27 20:03:52,486 [INFO] IPUIPlugin:80 - create IPUIPlugin
2024-05-27 20:03:52,486 [INFO] PluginManager:220 - loadIPPluginJar : add hash
2024-05-27 20:03:52,523 [INFO] IPUIPlugin:80 - create IPUIPlugin
2024-05-27 20:03:52,523 [INFO] PluginManager:220 - loadIPPluginJar : add i2c
2024-05-27 20:03:52,550 [INFO] IPUIPlugin:80 - create IPUIPlugin
2024-05-27 20:03:52,550 [INFO] PluginManager:220 - loadIPPluginJar : add i2s
2024-05-27 20:03:52,580 [INFO] IPUIPlugin:80 - create IPUIPlugin
2024-05-27 20:03:52,580 [INFO] PluginManager:220 - loadIPPluginJar : add i3c
2024-05-27 20:03:52,665 [INFO] IPUIPlugin:80 - create IPUIPlugin
2024-05-27 20:03:52,665 [INFO] PluginManager:220 - loadIPPluginJar : add ipddr
2024-05-27 20:03:52,729 [INFO] IPUIPlugin:80 - create IPUIPlugin
2024-05-27 20:03:52,729 [INFO] PluginManager:220 - loadIPPluginJar : add linkedlist
2024-05-27 20:03:52,754 [INFO] IPUIPlugin:80 - create IPUIPlugin
2024-05-27 20:03:52,754 [INFO] PluginManager:220 - loadIPPluginJar : add lorawan
2024-05-27 20:03:52,778 [INFO] IPUIPlugin:80 - create IPUIPlugin
2024-05-27 20:03:52,779 [INFO] PluginManager:220 - loadIPPluginJar : add ltdc
2024-05-27 20:03:52,791 [INFO] IPUIPlugin:80 - create IPUIPlugin
2024-05-27 20:03:52,791 [INFO] PluginManager:220 - loadIPPluginJar : add mdma
2024-05-27 20:03:52,800 [INFO] IPUIPlugin:80 - create IPUIPlugin
2024-05-27 20:03:52,800 [INFO] PluginManager:220 - loadIPPluginJar : add nvic
2024-05-27 20:03:52,826 [INFO] IPUIPlugin:80 - create IPUIPlugin
2024-05-27 20:03:52,826 [INFO] PluginManager:220 - loadIPPluginJar : add opamp
2024-05-27 20:03:52,874 [INFO] IPUIPlugin:80 - create IPUIPlugin
2024-05-27 20:03:52,874 [INFO] PluginManager:220 - loadIPPluginJar : add openamp
2024-05-27 20:03:52,902 [INFO] IPUIPlugin:80 - create IPUIPlugin
2024-05-27 20:03:52,902 [INFO] PluginManager:220 - loadIPPluginJar : add pdm2pcm
2024-05-27 20:03:52,913 [INFO] IPUIPlugin:80 - create IPUIPlugin
2024-05-27 20:03:52,915 [INFO] PluginManager:220 - loadIPPluginJar : add plateformsettings
2024-05-27 20:03:52,930 [INFO] IPUIPlugin:80 - create IPUIPlugin
2024-05-27 20:03:52,930 [INFO] PluginManager:220 - loadIPPluginJar : add quadspi
2024-05-27 20:03:52,939 [INFO] IPUIPlugin:80 - create IPUIPlugin
2024-05-27 20:03:52,939 [INFO] PluginManager:220 - loadIPPluginJar : add resmgrutility
2024-05-27 20:03:52,970 [INFO] IPUIPlugin:80 - create IPUIPlugin
2024-05-27 20:03:52,970 [INFO] PluginManager:220 - loadIPPluginJar : add sai
2024-05-27 20:03:52,995 [INFO] IPUIPlugin:80 - create IPUIPlugin
2024-05-27 20:03:52,995 [INFO] PluginManager:220 - loadIPPluginJar : add spi
2024-05-27 20:03:53,039 [INFO] IPUIPlugin:80 - create IPUIPlugin
2024-05-27 20:03:53,039 [INFO] PluginManager:220 - loadIPPluginJar : add stm32_wpan
2024-05-27 20:03:53,055 [INFO] IPUIPlugin:80 - create IPUIPlugin
2024-05-27 20:03:53,055 [INFO] PluginManager:220 - loadIPPluginJar : add tim
2024-05-27 20:03:53,093 [INFO] IPUIPlugin:80 - create IPUIPlugin
2024-05-27 20:03:53,093 [INFO] PluginManager:220 - loadIPPluginJar : add touchsensing
2024-05-27 20:03:53,108 [INFO] IPUIPlugin:80 - create IPUIPlugin
2024-05-27 20:03:53,108 [INFO] PluginManager:220 - loadIPPluginJar : add tracer_emb
2024-05-27 20:03:53,124 [INFO] IPUIPlugin:80 - create IPUIPlugin
2024-05-27 20:03:53,124 [INFO] PluginManager:220 - loadIPPluginJar : add ts
2024-05-27 20:03:53,140 [INFO] IPUIPlugin:80 - create IPUIPlugin
2024-05-27 20:03:53,140 [INFO] PluginManager:220 - loadIPPluginJar : add tsc
2024-05-27 20:03:53,154 [INFO] IPUIPlugin:80 - create IPUIPlugin
2024-05-27 20:03:53,154 [INFO] PluginManager:220 - loadIPPluginJar : add ucpd
2024-05-27 20:03:53,183 [INFO] IPUIPlugin:80 - create IPUIPlugin
2024-05-27 20:03:53,183 [INFO] PluginManager:220 - loadIPPluginJar : add usart
2024-05-27 20:03:53,213 [INFO] IPUIPlugin:80 - create IPUIPlugin
2024-05-27 20:03:53,213 [INFO] PluginManager:220 - loadIPPluginJar : add usbx
2024-05-27 20:03:53,327 [INFO] CADModel:165 - CPN selected for project level
2024-05-27 20:03:53,327 [INFO] CADModel:114 - Register for checkConnection events
2024-05-27 20:03:53,327 [FATAL] Updater:308 - Updater called before beeing initialized
2024-05-27 20:03:53,327 [ERROR] CADModel:125 - Updater not yet initialized, retry later 
2024-05-27 20:03:53,433 [INFO] CADModel:165 - CPN selected for project level
2024-05-27 20:03:53,433 [INFO] CADModel:114 - Register for checkConnection events
2024-05-27 20:03:53,433 [FATAL] Updater:308 - Updater called before beeing initialized
2024-05-27 20:03:53,433 [ERROR] CADModel:125 - Updater not yet initialized, retry later 
2024-05-27 20:03:53,436 [FATAL] Updater:308 - Updater called before beeing initialized
2024-05-27 20:03:53,537 [FATAL] Updater:308 - Updater called before beeing initialized
2024-05-27 20:03:53,545 [INFO] DbMcusAds:53 - JSON generation date=Thu May 16 06:22:00 ART 2024 (1715851320852)
2024-05-27 20:03:53,545 [FATAL] Updater:308 - Updater called before beeing initialized
2024-05-27 20:03:53,600 [WARN] DetailPanel:346 - Failed to get advertising image, set to default
2024-05-27 20:03:53,658 [FATAL] Updater:308 - Updater called before beeing initialized
2024-05-27 20:03:53,660 [FATAL] Updater:308 - Updater called before beeing initialized
2024-05-27 20:03:53,660 [FATAL] Updater:308 - Updater called before beeing initialized
2024-05-27 20:03:53,660 [WARN] DetailPanel:346 - Failed to get advertising image, set to default
2024-05-27 20:03:53,660 [FATAL] Updater:308 - Updater called before beeing initialized
2024-05-27 20:03:53,708 [ERROR] Updater:1120 - MainUpdater not yet initialized. External WinMGr cannot be set.
2024-05-27 20:03:53,715 [INFO] Updater:1056 - Updater Version found : 6.11.1
2024-05-27 20:03:53,730 [INFO] ApplicationProperties:184 - Using Application install path: C:\ST\STM32CubeIDE_1.15.1\STM32CubeIDE\plugins\com.st.stm32cube.common.mx_6.11.1.202404110753
2024-05-27 20:03:54,025 [INFO] MainUpdater:2873 - connection check result : 10
2024-05-27 20:03:54,025 [INFO] MainUpdater:290 - Updater Check For Update Now.
2024-05-27 20:03:54,026 [INFO] MicroXplorer:498 - Change Database Version : DB.6.0.111
2024-05-27 20:03:54,048 [INFO] McuFinderGlobals:63 - Set McuFinder mode to 2 (CubeIDE integrated)
2024-05-27 20:03:54,059 [INFO] UserAuth:415 - Internet connection configuration mode: 1
2024-05-27 20:03:54,094 [INFO] JxBrowserEngine:152 - Initiate JxBrowser Engine with user profile folder
2024-05-27 20:03:54,207 [INFO] CheckServerUpdateThread:120 - End of CheckServer Thread
2024-05-27 20:03:54,709 [WARN] PackLoader:240 - Cannot read IP mode file for STMicroelectronics.FP-SNS-MOTENVWB1.1.4.0
2024-05-27 20:03:54,723 [WARN] PackLoader:240 - Cannot read IP mode file for STMicroelectronics.X-CUBE-SMBUS.2.1.0
2024-05-27 20:03:54,733 [WARN] PackLoader:240 - Cannot read IP mode file for STMicroelectronics.X-CUBE-TOUCHGFX.4.23.1
2024-05-27 20:03:54,742 [WARN] PackLoader:240 - Cannot read IP mode file for STMicroelectronics.X-CUBE-TOUCHGFX.4.23.0
2024-05-27 20:03:54,751 [WARN] PackLoader:240 - Cannot read IP mode file for STMicroelectronics.X-CUBE-TOUCHGFX.4.23.2
2024-05-27 20:03:54,784 [WARN] PackLoader:240 - Cannot read IP mode file for STMicroelectronics.X-CUBE-AZRTOS-F7.1.1.0
2024-05-27 20:03:54,798 [ERROR] RealEvaluatedCondition:428 - Found unsupported composite condition: CLASS='Data Exchange' GROUP='STM32_MetaDataManager'
2024-05-27 20:03:54,798 [ERROR] RealEvaluatedCondition:428 - Found unsupported composite condition: CLASS='Data Exchange' GROUP='STM32_MetaDataManager'
2024-05-27 20:03:54,799 [WARN] PackLoader:240 - Cannot read IP mode file for STMicroelectronics.FP-SNS-MOTENV1.4.3.0
2024-05-27 20:03:54,809 [WARN] PackLoader:240 - Cannot read IP mode file for STMicroelectronics.FP-SNS-MOTENV1.4.3.2
2024-05-27 20:03:54,819 [WARN] PackLoader:240 - Cannot read IP mode file for STMicroelectronics.FP-SNS-FLIGHT1.5.0.0
2024-05-27 20:03:54,828 [ERROR] RealEvaluatedCondition:428 - Found unsupported composite condition: GROUP='STM32_MetaDataManager' CLASS='Data Exchange'
2024-05-27 20:03:54,828 [ERROR] RealEvaluatedCondition:428 - Found unsupported composite condition: GROUP='STM32_MetaDataManager' CLASS='Data Exchange'
2024-05-27 20:03:54,829 [WARN] PackLoader:240 - Cannot read IP mode file for STMicroelectronics.FP-SNS-MOTENV1.4.3.1
2024-05-27 20:03:54,839 [WARN] PackLoader:240 - Cannot read IP mode file for STMicroelectronics.FP-SNS-FLIGHT1.5.0.1
2024-05-27 20:03:54,851 [WARN] PackLoader:240 - Cannot read IP mode file for STMicroelectronics.X-CUBE-BLE1.6.2.4
2024-05-27 20:03:54,860 [WARN] PackLoader:240 - Cannot read IP mode file for STMicroelectronics.FP-SNS-FLIGHT1.5.0.2
2024-05-27 20:03:54,876 [WARN] PackLoader:240 - Cannot read IP mode file for STMicroelectronics.X-CUBE-DISPLAY.3.0.0
2024-05-27 20:03:54,887 [WARN] PackLoader:240 - Cannot read IP mode file for STMicroelectronics.X-CUBE-BLE1.7.0.0
2024-05-27 20:03:54,895 [WARN] PackLoader:240 - Cannot read IP mode file for STMicroelectronics.X-CUBE-TOUCHGFX.4.22.0
2024-05-27 20:03:54,904 [WARN] PackLoader:240 - Cannot read IP mode file for STMicroelectronics.X-CUBE-TOUCHGFX.4.22.1
2024-05-27 20:03:54,925 [WARN] PackLoader:240 - Cannot read IP mode file for STMicroelectronics.X-CUBE-BLEMGR.3.1.0
2024-05-27 20:03:54,939 [WARN] PackLoader:240 - Cannot read IP mode file for STMicroelectronics.FP-SNS-SMARTAG2.1.2.0
2024-05-27 20:03:54,956 [INFO] LogOutputStream:77 - [STDOUT_REDIRECT] 1 : Invalid condition id : UX_CORESTACK_Condition cause : null
2024-05-27 20:03:54,957 [INFO] LogOutputStream:77 - [STDOUT_REDIRECT] 1 : Invalid condition id : UX_CORESTACK_Condition cause : null
2024-05-27 20:03:54,959 [INFO] LogOutputStream:77 - [STDOUT_REDIRECT] 1 : Invalid condition id : UX_CORESTACK_Condition cause : null
2024-05-27 20:03:54,960 [INFO] LogOutputStream:77 - [STDOUT_REDIRECT] 1 : Invalid condition id : UX_CORESTACK_Condition cause : null
2024-05-27 20:03:54,960 [INFO] LogOutputStream:77 - [STDOUT_REDIRECT] 1 : Invalid condition id : UX_CORESTACK_Condition cause : null
2024-05-27 20:03:54,962 [WARN] PackLoader:240 - Cannot read IP mode file for STMicroelectronics.X-CUBE-AZRTOS-WL.2.0.0
2024-05-27 20:03:54,972 [WARN] PackLoader:240 - Cannot read IP mode file for STMicroelectronics.FP-SNS-MOTENV1.5.0.0
2024-05-27 20:03:54,984 [WARN] PackLoader:240 - Cannot read IP mode file for WES.I-CUBE-Cesium.1.3.0
2024-05-27 20:03:54,996 [WARN] PackLoader:240 - Cannot read IP mode file for STMicroelectronics.X-CUBE-BLE2.3.3.0
2024-05-27 20:03:55,007 [WARN] PackLoader:240 - Cannot read IP mode file for STMicroelectronics.X-CUBE-TCPP.4.1.0
2024-05-27 20:03:55,021 [WARN] PackLoader:240 - Cannot read IP mode file for STMicroelectronics.X-CUBE-TOUCHGFX.4.21.4
2024-05-27 20:03:55,035 [WARN] PackLoader:240 - Cannot read IP mode file for STMicroelectronics.X-CUBE-ALGOBUILD.1.3.0
2024-05-27 20:03:55,059 [WARN] PackLoader:240 - Cannot read IP mode file for STMicroelectronics.X-CUBE-AZRTOS-G0.1.1.0
2024-05-27 20:03:55,072 [WARN] PackLoader:240 - Cannot read IP mode file for STMicroelectronics.X-CUBE-SAFEA1.1.2.2
2024-05-27 20:03:55,088 [WARN] PackLoader:240 - Cannot read IP mode file for STMicroelectronics.X-CUBE-NFC4.3.0.0
2024-05-27 20:03:55,107 [WARN] PackLoader:240 - Cannot read IP mode file for STMicroelectronics.X-CUBE-BLEMGR.3.0.0
2024-05-27 20:03:55,121 [WARN] PackLoader:240 - Cannot read IP mode file for STMicroelectronics.FP-ATR-SIGFOX1.3.2.0
2024-05-27 20:03:55,134 [WARN] PackLoader:240 - Cannot read IP mode file for STMicroelectronics.X-CUBE-EEPRMA1.5.1.0
2024-05-27 20:03:55,171 [WARN] PackLoader:240 - Cannot read IP mode file for SEGGER.I-CUBE-embOS.1.3.1
2024-05-27 20:03:55,213 [WARN] PackLoader:240 - Cannot read IP mode file for STMicroelectronics.X-CUBE-ALGOBUILD.1.4.0
2024-05-27 20:03:55,225 [WARN] PackLoader:240 - Cannot read IP mode file for STMicroelectronics.X-CUBE-GNSS1.6.0.0
2024-05-27 20:03:55,247 [WARN] PackLoader:240 - Cannot read IP mode file for STMicroelectronics.X-CUBE-AZRTOS-F4.1.1.0
2024-05-27 20:03:55,262 [WARN] PackLoader:240 - Cannot read IP mode file for wolfSSL.I-CUBE-wolfSSL.5.6.0
2024-05-27 20:03:55,272 [WARN] PackLoader:240 - Cannot read IP mode file for STMicroelectronics.X-CUBE-FREERTOS.1.2.0
2024-05-27 20:03:55,303 [WARN] PackLoader:240 - Cannot read IP mode file for STMicroelectronics.X-CUBE-AZRTOS-L5.2.0.0
2024-05-27 20:03:55,354 [WARN] PackLoader:240 - Cannot read IP mode file for STMicroelectronics.X-CUBE-MEMS1.9.6.0
2024-05-27 20:03:55,492 [WARN] PackLoader:240 - Cannot read IP mode file for STMicroelectronics.X-CUBE-EEPRMA1.4.2.0
2024-05-27 20:03:55,506 [WARN] PackLoader:240 - Cannot read IP mode file for STMicroelectronics.X-CUBE-NFC6.3.1.0
2024-05-27 20:03:55,519 [WARN] PackLoader:240 - Cannot read IP mode file for ITTIA_DB.I-CUBE-ITTIADB.8.8.0
2024-05-27 20:03:55,537 [WARN] PackLoader:240 - Cannot read IP mode file for emotas.I-CUBE-CANOPEN.1.1.3
2024-05-27 20:03:55,552 [WARN] PackLoader:240 - Cannot read IP mode file for STMicroelectronics.X-CUBE-BLEMGR.2.0.0
2024-05-27 20:03:55,567 [WARN] PackLoader:240 - Cannot read IP mode file for STMicroelectronics.X-CUBE-AI.9.0.0
2024-05-27 20:03:55,597 [WARN] ConditionMgr:438 - getConditionDescription Invalid condition id : UX DEVICE CLASS RTOS Condition cause : null
2024-05-27 20:03:55,598 [WARN] ConditionMgr:438 - getConditionDescription Invalid condition id : UX DEVICE CLASS RTOS Condition cause : null
2024-05-27 20:03:55,600 [WARN] PackLoader:240 - Cannot read IP mode file for STMicroelectronics.X-CUBE-AZRTOS-H7.3.1.0
2024-05-27 20:03:55,602 [WARN] ConditionMgr:1039 - genDependencies : Invalid condition id : UX DEVICE CLASS RTOS Condition cause : null
2024-05-27 20:03:55,602 [WARN] ConditionMgr:1039 - genDependencies : Invalid condition id : UX DEVICE CLASS RTOS Condition cause : null
2024-05-27 20:03:55,603 [WARN] ConditionMgr:1039 - genDependencies : Invalid condition id : UX DEVICE CLASS RTOS Condition cause : null
2024-05-27 20:03:55,603 [WARN] ConditionMgr:1039 - genDependencies : Invalid condition id : UX DEVICE CLASS RTOS Condition cause : null
2024-05-27 20:03:55,603 [WARN] ConditionMgr:1039 - genDependencies : Invalid condition id : UX DEVICE CLASS RTOS Condition cause : null
2024-05-27 20:03:55,619 [WARN] PackLoader:240 - Cannot read IP mode file for STMicroelectronics.X-CUBE-NFC7.1.0.1
2024-05-27 20:03:55,632 [WARN] PackLoader:240 - Cannot read IP mode file for STMicroelectronics.X-CUBE-NFC7.1.0.0
2024-05-27 20:03:55,647 [WARN] PackLoader:240 - Cannot read IP mode file for STMicroelectronics.X-CUBE-NFC6.3.0.0
2024-05-27 20:03:55,665 [WARN] PackLoader:240 - Cannot read IP mode file for STMicroelectronics.X-CUBE-EEPRMA1.4.1.0
2024-05-27 20:03:55,676 [WARN] PackLoader:240 - Cannot read IP mode file for STMicroelectronics.X-CUBE-AI.8.1.0
2024-05-27 20:03:55,702 [WARN] ConditionMgr:438 - getConditionDescription Invalid condition id : LAN8742 Phy interface Condition cause : null
2024-05-27 20:03:55,702 [WARN] PackLoader:240 - Cannot read IP mode file for STMicroelectronics.X-CUBE-AZRTOS-L4.2.0.0
2024-05-27 20:03:55,704 [WARN] ConditionMgr:1039 - genDependencies : Invalid condition id : LAN8742 Phy interface Condition cause : null
2024-05-27 20:03:55,704 [WARN] ConditionMgr:1039 - genDependencies : Invalid condition id : LAN8742 Phy interface Condition cause : null
2024-05-27 20:03:55,705 [WARN] ConditionMgr:1039 - genDependencies : Invalid condition id : LAN8742 Phy interface Condition cause : null
2024-05-27 20:03:55,720 [WARN] PackLoader:240 - Cannot read IP mode file for STMicroelectronics.X-CUBE-SFXS2LP1.4.0.0
2024-05-27 20:03:55,735 [WARN] PackLoader:240 - Cannot read IP mode file for STMicroelectronics.X-CUBE-ISPU.1.1.0
2024-05-27 20:03:55,760 [WARN] ConditionMgr:438 - getConditionDescription Invalid condition id : UX DEVICE CLASS RTOS Condition cause : null
2024-05-27 20:03:55,760 [WARN] ConditionMgr:438 - getConditionDescription Invalid condition id : UX DEVICE CLASS RTOS Condition cause : null
2024-05-27 20:03:55,762 [WARN] PackLoader:240 - Cannot read IP mode file for STMicroelectronics.X-CUBE-AZRTOS-WB.2.0.0
2024-05-27 20:03:55,763 [WARN] ConditionMgr:1039 - genDependencies : Invalid condition id : UX DEVICE CLASS RTOS Condition cause : null
2024-05-27 20:03:55,763 [WARN] ConditionMgr:1039 - genDependencies : Invalid condition id : UX DEVICE CLASS RTOS Condition cause : null
2024-05-27 20:03:55,764 [WARN] ConditionMgr:1039 - genDependencies : Invalid condition id : UX DEVICE CLASS RTOS Condition cause : null
2024-05-27 20:03:55,764 [WARN] ConditionMgr:1039 - genDependencies : Invalid condition id : UX DEVICE CLASS RTOS Condition cause : null
2024-05-27 20:03:55,764 [WARN] ConditionMgr:1039 - genDependencies : Invalid condition id : UX DEVICE CLASS RTOS Condition cause : null
2024-05-27 20:03:55,779 [WARN] PackLoader:240 - Cannot read IP mode file for STMicroelectronics.X-CUBE-FREERTOS.1.0.1
2024-05-27 20:03:55,806 [WARN] PackLoader:240 - Cannot read IP mode file for STMicroelectronics.X-CUBE-AZRTOS-L5.1.1.0
2024-05-27 20:03:55,821 [WARN] PackLoader:240 - Cannot read IP mode file for STMicroelectronics.X-CUBE-AI.8.0.1
2024-05-27 20:03:55,842 [WARN] PackLoader:240 - Cannot read IP mode file for STMicroelectronics.X-CUBE-SUBG2.5.0.0
2024-05-27 20:03:55,855 [WARN] PackLoader:240 - Cannot read IP mode file for Cesanta.I-CUBE-Mongoose.7.13.0
2024-05-27 20:03:55,875 [WARN] PackLoader:240 - Cannot read IP mode file for STMicroelectronics.X-CUBE-TOF1.3.3.1
2024-05-27 20:03:55,909 [WARN] PackLoader:240 - Cannot read IP mode file for STMicroelectronics.X-CUBE-AZRTOS-G4.2.0.0
2024-05-27 20:03:55,935 [WARN] PackLoader:240 - Cannot read IP mode file for STMicroelectronics.X-CUBE-TOF1.3.3.0
2024-05-27 20:03:55,962 [WARN] PackLoader:240 - Cannot read IP mode file for Infineon.AIROC-Wi-Fi-Bluetooth-STM32.1.5.1
2024-05-27 20:03:55,973 [WARN] PackLoader:240 - Cannot read IP mode file for STMicroelectronics.FP-SNS-MOTENVWB1.1.3.0
2024-05-27 20:03:55,983 [WARN] PackLoader:240 - Cannot read IP mode file for STMicroelectronics.FP-SNS-MOTENVWB1.1.3.1
2024-05-27 20:03:56,002 [WARN] PackLoader:240 - Cannot read IP mode file for STMicroelectronics.X-CUBE-AZRTOS-L4.1.0.0
2024-05-27 20:03:56,014 [WARN] PackLoader:240 - Cannot read IP mode file for STMicroelectronics.X-CUBE-ISPU.2.0.0
2024-05-27 20:03:56,023 [WARN] PackLoader:240 - Cannot read IP mode file for STMicroelectronics.X-CUBE-ALS.1.0.2
2024-05-27 20:03:56,060 [WARN] PackLoader:240 - Cannot read IP mode file for STMicroelectronics.X-CUBE-MEMS1.10.0.0
2024-05-27 20:03:56,141 [WARN] PackLoader:240 - Cannot read IP mode file for STMicroelectronics.X-CUBE-FREERTOS.1.1.0
2024-05-27 20:03:56,160 [WARN] PackLoader:240 - Cannot read IP mode file for STMicroelectronics.X-CUBE-AZRTOS-WL.1.0.0
2024-05-27 20:03:56,174 [WARN] PackLoader:240 - Cannot read IP mode file for portGmbH.I-Cube-SoM-uGOAL.1.1.0
2024-05-27 20:03:56,183 [WARN] PackLoader:240 - Cannot read IP mode file for STMicroelectronics.X-CUBE-ALS.1.0.1
2024-05-27 20:03:56,202 [WARN] PackLoader:240 - Cannot read IP mode file for STMicroelectronics.X-CUBE-AZRTOS-WB.1.1.0
2024-05-27 20:03:56,226 [WARN] PackLoader:240 - Cannot read IP mode file for STMicroelectronics.X-CUBE-AZRTOS-H7RS.1.0.0
2024-05-27 20:03:56,240 [WARN] PackLoader:240 - Cannot read IP mode file for STMicroelectronics.FP-ATR-ASTRA1.2.0.0
2024-05-27 20:03:56,257 [WARN] PackLoader:240 - Cannot read IP mode file for STMicroelectronics.X-CUBE-TOF1.3.4.0
2024-05-27 20:03:56,279 [WARN] PackLoader:240 - Cannot read IP mode file for STMicroelectronics.X-CUBE-TOF1.3.4.1
2024-05-27 20:03:56,318 [WARN] PackLoader:240 - Cannot read IP mode file for STMicroelectronics.X-CUBE-AZRTOS-H7.3.2.0
2024-05-27 20:03:56,321 [INFO] ThirdParty:978 - Integrity check success = true
2024-05-27 20:03:56,321 [INFO] IntegrityCheckThread:100 - exiting critical section [integrity check]
2024-05-27 20:03:56,321 [INFO] IntegrityCheckThread:103 - End integrity checks thread
2024-05-27 20:03:57,861 [INFO] WebApp:161 - Instantiating new browser for Auth
2024-05-27 20:03:58,272 [INFO] WebApp:779 - Register for checkConnection events
2024-05-27 20:03:58,272 [INFO] WebApp:414 - Apply proxy settings
2024-05-27 20:03:58,272 [INFO] WebApp:499 - Chromium requires no authentication
2024-05-27 20:03:58,278 [INFO] WebApp:442 - Direct internet connection detected
2024-05-27 20:03:58,402 [INFO] WebApp:192 - Starting web application
2024-05-27 20:03:58,402 [INFO] WebApp:544 - Web application path used C:\ST\STM32CubeIDE_1.15.1\STM32CubeIDE\plugins\com.st.stm32cube.common.mx_6.11.1.202404110753\db\plugins\mcufinder\reactClient1\index.html
