2024-05-14 00:02:54,823 [INFO] Activator:176 - 


2024-05-14 00:02:54,824 [INFO] Activator:177 - !SESSION log4j initialized
2024-05-14 00:02:57,193 [INFO] LogOutputStream:77 - [STDOUT_REDIRECT] 
2024-05-14 00:03:04,191 [INFO] ApplicationProperties:184 - Using Application install path: C:\ST\STM32CubeIDE_1.15.1\STM32CubeIDE\plugins\com.st.stm32cube.common.mx_6.11.1.202404110753
2024-05-14 00:03:04,204 [INFO] DbMcusXml:78 - Set database path to: C:\ST\STM32CubeIDE_1.15.1\STM32CubeIDE\plugins\com.st.stm32cube.common.mx_6.11.1.202404110753\\db\/mcu/
2024-05-14 00:03:04,204 [INFO] ApiDb:274 - Set plugin database path to: C:\ST\STM32CubeIDE_1.15.1\STM32CubeIDE\plugins\com.st.stm32cube.common.mx_6.11.1.202404110753\\db\/plugins/boardmanager/
2024-05-14 00:03:04,206 [WARN] ApiDb:259 - Overriding images path with different value:  => C:\ST\STM32CubeIDE_1.15.1\STM32CubeIDE\plugins\com.st.stm32cube.common.mx_6.11.1.202404110753\\db\/plugins/mcufinder/images/
2024-05-14 00:03:04,213 [INFO] ApiDb:250 - Set database path to: C:\Users\ipave\.stmcufinder\plugins\mcufinder//mcu/
2024-05-14 00:03:04,214 [INFO] DbMcusAds:125 - Set database path to: C:\Users\ipave\.stmcufinder\plugins\mcufinder//mcu/
2024-05-14 00:03:04,215 [INFO] CrossReferenceDbSqlite:203 - Set database path to: C:\Users\ipave\.stmcufinder\plugins\mcufinder//mcu/cs/
2024-05-14 00:03:04,294 [INFO] RulesReader:64 - Compatibility file has been processed (297 Rules)
2024-05-14 00:03:04,347 [INFO] DbMcusXml:78 - Set database path to: C:\ST\STM32CubeIDE_1.15.1\STM32CubeIDE\plugins\com.st.stm32cube.common.mx_6.11.1.202404110753\\db\/mcu/
2024-05-14 00:03:04,347 [INFO] ApiDb:274 - Set plugin database path to: C:\ST\STM32CubeIDE_1.15.1\STM32CubeIDE\plugins\com.st.stm32cube.common.mx_6.11.1.202404110753\\db\/plugins/boardmanager/
2024-05-14 00:03:04,347 [INFO] ApiDb:261 - Set plugin images path to: C:\ST\STM32CubeIDE_1.15.1\STM32CubeIDE\plugins\com.st.stm32cube.common.mx_6.11.1.202404110753\\db\/plugins/mcufinder/images/
2024-05-14 00:03:04,347 [WARN] DbFile:41 - Overriding database path with different value: C:\Users\ipave\.stmcufinder\plugins\mcufinder/ => C:\Users\ipave\.stmcufinder\plugins\mcufinder
2024-05-14 00:03:04,347 [INFO] ApiDb:250 - Set database path to: C:\Users\ipave\.stmcufinder\plugins\mcufinder//mcu/
2024-05-14 00:03:04,347 [WARN] DbFile:41 - Overriding database path with different value: C:\Users\ipave\.stmcufinder\plugins\mcufinder/ => C:\Users\ipave\.stmcufinder\plugins\mcufinder
2024-05-14 00:03:04,347 [INFO] DbMcusAds:125 - Set database path to: C:\Users\ipave\.stmcufinder\plugins\mcufinder//mcu/
2024-05-14 00:03:04,347 [WARN] DbFile:41 - Overriding database path with different value: C:\Users\ipave\.stmcufinder\plugins\mcufinder/ => C:\Users\ipave\.stmcufinder\plugins\mcufinder
2024-05-14 00:03:04,347 [WARN] DbFile:41 - Overriding database path with different value: C:\Users\ipave\.stmcufinder\plugins\mcufinder/ => C:\Users\ipave\.stmcufinder\plugins\mcufinder
2024-05-14 00:03:04,347 [INFO] CrossReferenceDbSqlite:203 - Set database path to: C:\Users\ipave\.stmcufinder\plugins\mcufinder//mcu/cs/
2024-05-14 00:03:04,390 [INFO] MainPanel:264 - HeapMemory: 268435456
2024-05-14 00:03:04,434 [INFO] DbMcusXml:78 - Set database path to: C:\ST\STM32CubeIDE_1.15.1\STM32CubeIDE\plugins\com.st.stm32cube.common.mx_6.11.1.202404110753\\db\/mcu/
2024-05-14 00:03:04,434 [INFO] ApiDb:274 - Set plugin database path to: C:\ST\STM32CubeIDE_1.15.1\STM32CubeIDE\plugins\com.st.stm32cube.common.mx_6.11.1.202404110753\\db\/plugins/boardmanager/
2024-05-14 00:03:04,434 [INFO] ApiDb:261 - Set plugin images path to: C:\ST\STM32CubeIDE_1.15.1\STM32CubeIDE\plugins\com.st.stm32cube.common.mx_6.11.1.202404110753\\db\/plugins/mcufinder/images/
2024-05-14 00:03:04,434 [WARN] DbFile:41 - Overriding database path with different value: C:\Users\ipave\.stmcufinder\plugins\mcufinder/ => C:\Users\ipave\.stmcufinder\plugins\mcufinder
2024-05-14 00:03:04,434 [INFO] ApiDb:250 - Set database path to: C:\Users\ipave\.stmcufinder\plugins\mcufinder//mcu/
2024-05-14 00:03:04,434 [WARN] DbFile:41 - Overriding database path with different value: C:\Users\ipave\.stmcufinder\plugins\mcufinder/ => C:\Users\ipave\.stmcufinder\plugins\mcufinder
2024-05-14 00:03:04,435 [INFO] DbMcusAds:125 - Set database path to: C:\Users\ipave\.stmcufinder\plugins\mcufinder//mcu/
2024-05-14 00:03:04,435 [WARN] DbFile:41 - Overriding database path with different value: C:\Users\ipave\.stmcufinder\plugins\mcufinder/ => C:\Users\ipave\.stmcufinder\plugins\mcufinder
2024-05-14 00:03:04,435 [WARN] DbFile:41 - Overriding database path with different value: C:\Users\ipave\.stmcufinder\plugins\mcufinder/ => C:\Users\ipave\.stmcufinder\plugins\mcufinder
2024-05-14 00:03:04,435 [INFO] CrossReferenceDbSqlite:203 - Set database path to: C:\Users\ipave\.stmcufinder\plugins\mcufinder//mcu/cs/
2024-05-14 00:03:04,446 [INFO] ApplicationProperties:184 - Using Application install path: C:\ST\STM32CubeIDE_1.15.1\STM32CubeIDE\plugins\com.st.stm32cube.common.mx_6.11.1.202404110753
2024-05-14 00:03:04,447 [INFO] PluginManage:196 - Search for loadable plugins [exclusion list=, ]
2024-05-14 00:03:04,447 [INFO] PluginManage:310 - Check plugin analytics
2024-05-14 00:03:09,664 [INFO] AnalyticsPlugin:253 - Accepted Software Licenses: 
2024-05-14 00:03:09,664 [INFO] AnalyticsPlugin:255 - Accepted CMSIS Pack Licenses: 
2024-05-14 00:03:09,664 [INFO] AnalyticsPlugin:257 - Accepted Firmware Licenses: 
2024-05-14 00:03:09,665 [INFO] PluginManage:359 - Loaded plugin analytics (category:tool,tabindex:-1)
2024-05-14 00:03:09,665 [INFO] PluginManage:310 - Check plugin cadmodel
2024-05-14 00:03:09,675 [INFO] CADModel:105 - Init CAD model plugin
2024-05-14 00:03:09,675 [INFO] PluginManage:359 - Loaded plugin cadmodel (category:power,tabindex:5)
2024-05-14 00:03:09,675 [INFO] PluginManage:310 - Check plugin clock
2024-05-14 00:03:09,687 [INFO] PluginManage:359 - Loaded plugin clock (category:base,tabindex:2)
2024-05-14 00:03:09,688 [INFO] PluginManage:310 - Check plugin ddr
2024-05-14 00:03:09,689 [INFO] PluginManage:359 - Loaded plugin ddr (category:tool,tabindex:6)
2024-05-14 00:03:09,690 [INFO] PluginManage:310 - Check plugin filemanager
2024-05-14 00:03:09,787 [INFO] PluginManage:359 - Loaded plugin filemanager (category:base,tabindex:10)
2024-05-14 00:03:09,787 [INFO] PluginManage:310 - Check plugin ipmanager
2024-05-14 00:03:09,791 [INFO] PluginManage:359 - Loaded plugin ipmanager (category:base,tabindex:5)
2024-05-14 00:03:09,792 [INFO] PluginManage:310 - Check plugin lpbam
2024-05-14 00:03:09,804 [INFO] PluginManage:359 - Loaded plugin lpbam (category:base,tabindex:0)
2024-05-14 00:03:09,804 [INFO] PluginManage:310 - Check plugin memorymap
2024-05-14 00:03:09,818 [INFO] PluginManage:359 - Loaded plugin memorymap (category:base,tabindex:4)
2024-05-14 00:03:09,818 [INFO] PluginManage:310 - Check plugin pinoutandconfiguration
2024-05-14 00:03:09,829 [INFO] PluginManage:359 - Loaded plugin pinoutandconfiguration (category:base,tabindex:1)
2024-05-14 00:03:09,829 [INFO] PluginManage:310 - Check plugin pinoutconfig
2024-05-14 00:03:09,911 [WARN] SupportedApi:132 - Cannot load RTOS API schema: s4s-elt-must-match.1: The content of 'definitions' must match (annotation?, (simpleType | complexType)?, (unique | key | keyref)*)). A problem was found starting at: attribute.
2024-05-14 00:03:09,993 [INFO] PluginManage:359 - Loaded plugin pinoutconfig (category:base,tabindex:0)
2024-05-14 00:03:09,993 [INFO] PluginManage:310 - Check plugin power
2024-05-14 00:03:10,004 [INFO] PluginManage:359 - Loaded plugin power (category:power,tabindex:4)
2024-05-14 00:03:10,005 [INFO] PluginManage:310 - Check plugin projectmanager
2024-05-14 00:03:10,015 [INFO] PluginManage:359 - Loaded plugin projectmanager (category:projectmanager,tabindex:3)
2024-05-14 00:03:10,015 [INFO] PluginManage:310 - Check plugin thirdparty
2024-05-14 00:03:10,212 [WARN] IntegrityCheckThread:84 - waiting for thirdparty lock release [integrity check]
2024-05-14 00:03:10,212 [INFO] IntegrityCheckThread:86 - entering critical section [integrity check]
2024-05-14 00:03:10,213 [INFO] ThirdPartyUpdaterWithRetryManager:70 - Updater plugin not ready yet. [1/15]
2024-05-14 00:03:10,213 [INFO] PluginManage:359 - Loaded plugin thirdparty (category:base,tabindex:-1)
2024-05-14 00:03:10,214 [INFO] PluginManage:310 - Check plugin tools
2024-05-14 00:03:10,236 [INFO] PluginManage:359 - Loaded plugin tools (category:base,tabindex:7)
2024-05-14 00:03:10,236 [INFO] PluginManage:310 - Check plugin tutovideos
2024-05-14 00:03:10,349 [INFO] PluginManage:359 - Loaded plugin tutovideos (category:base,tabindex:-1)
2024-05-14 00:03:10,349 [INFO] PluginManage:310 - Check plugin updater
2024-05-14 00:03:10,356 [INFO] PluginManage:359 - Loaded plugin updater (category:base,tabindex:12)
2024-05-14 00:03:10,356 [INFO] PluginManage:310 - Check plugin userauth
2024-05-14 00:03:10,359 [INFO] UserAuth:114 - Init User Auth plugin
2024-05-14 00:03:10,359 [INFO] PluginManage:359 - Loaded plugin userauth (category:base,tabindex:14)
2024-05-14 00:03:10,361 [INFO] PluginManage:283 - PluginManage : Loaded plugins [17]
2024-05-14 00:03:10,502 [INFO] PinOutPanel:1561 - setPackage(No Configuration,No Configuration)
2024-05-14 00:03:10,547 [INFO] CADModel:165 - CPN selected for project level
2024-05-14 00:03:10,547 [INFO] CADModel:114 - Register for checkConnection events
2024-05-14 00:03:10,563 [INFO] IPUIPlugin:80 - create IPUIPlugin
2024-05-14 00:03:10,563 [INFO] PluginManager:220 - loadIPPluginJar : add adc
2024-05-14 00:03:10,585 [INFO] IPUIPlugin:80 - create IPUIPlugin
2024-05-14 00:03:10,585 [INFO] PluginManager:220 - loadIPPluginJar : add aes
2024-05-14 00:03:10,608 [INFO] IPUIPlugin:80 - create IPUIPlugin
2024-05-14 00:03:10,608 [INFO] PluginManager:220 - loadIPPluginJar : add can
2024-05-14 00:03:10,623 [INFO] IPUIPlugin:80 - create IPUIPlugin
2024-05-14 00:03:10,623 [INFO] PluginManager:220 - loadIPPluginJar : add comp
2024-05-14 00:03:10,649 [INFO] IPUIPlugin:80 - create IPUIPlugin
2024-05-14 00:03:10,649 [INFO] PluginManager:220 - loadIPPluginJar : add cryp
2024-05-14 00:03:10,668 [INFO] IPUIPlugin:80 - create IPUIPlugin
2024-05-14 00:03:10,668 [INFO] PluginManager:220 - loadIPPluginJar : add dfsdm
2024-05-14 00:03:10,677 [INFO] IPUIPlugin:80 - create IPUIPlugin
2024-05-14 00:03:10,677 [INFO] PluginManager:220 - loadIPPluginJar : add dma
2024-05-14 00:03:10,705 [INFO] IPUIPlugin:80 - create IPUIPlugin
2024-05-14 00:03:10,705 [INFO] PluginManager:220 - loadIPPluginJar : add dma3
2024-05-14 00:03:10,734 [INFO] IPUIPlugin:80 - create IPUIPlugin
2024-05-14 00:03:10,734 [INFO] PluginManager:220 - loadIPPluginJar : add extmemmanager
2024-05-14 00:03:10,749 [INFO] IPUIPlugin:80 - create IPUIPlugin
2024-05-14 00:03:10,749 [INFO] PluginManager:220 - loadIPPluginJar : add fatfs
2024-05-14 00:03:10,781 [INFO] IPUIPlugin:80 - create IPUIPlugin
2024-05-14 00:03:10,781 [INFO] PluginManager:220 - loadIPPluginJar : add fmc
2024-05-14 00:03:10,791 [INFO] IPUIPlugin:80 - create IPUIPlugin
2024-05-14 00:03:10,791 [INFO] PluginManager:220 - loadIPPluginJar : add freertos
2024-05-14 00:03:10,806 [INFO] IPUIPlugin:80 - create IPUIPlugin
2024-05-14 00:03:10,806 [INFO] PluginManager:220 - loadIPPluginJar : add genericplugin
2024-05-14 00:03:10,873 [INFO] IPUIPlugin:80 - create IPUIPlugin
2024-05-14 00:03:10,873 [INFO] PluginManager:220 - loadIPPluginJar : add gfxmmu
2024-05-14 00:03:10,964 [INFO] IPUIPlugin:80 - create IPUIPlugin
2024-05-14 00:03:10,965 [INFO] PluginManager:220 - loadIPPluginJar : add gic
2024-05-14 00:03:10,975 [INFO] IPUIPlugin:80 - create IPUIPlugin
2024-05-14 00:03:10,975 [INFO] PluginManager:220 - loadIPPluginJar : add gpio
2024-05-14 00:03:11,043 [INFO] IPUIPlugin:80 - create IPUIPlugin
2024-05-14 00:03:11,043 [INFO] PluginManager:220 - loadIPPluginJar : add gtzc
2024-05-14 00:03:11,072 [INFO] IPUIPlugin:80 - create IPUIPlugin
2024-05-14 00:03:11,072 [INFO] PluginManager:220 - loadIPPluginJar : add hash
2024-05-14 00:03:11,116 [INFO] IPUIPlugin:80 - create IPUIPlugin
2024-05-14 00:03:11,116 [INFO] PluginManager:220 - loadIPPluginJar : add i2c
2024-05-14 00:03:11,152 [INFO] IPUIPlugin:80 - create IPUIPlugin
2024-05-14 00:03:11,152 [INFO] PluginManager:220 - loadIPPluginJar : add i2s
2024-05-14 00:03:11,194 [INFO] IPUIPlugin:80 - create IPUIPlugin
2024-05-14 00:03:11,194 [INFO] PluginManager:220 - loadIPPluginJar : add i3c
2024-05-14 00:03:11,286 [INFO] IPUIPlugin:80 - create IPUIPlugin
2024-05-14 00:03:11,286 [INFO] PluginManager:220 - loadIPPluginJar : add ipddr
2024-05-14 00:03:11,362 [INFO] IPUIPlugin:80 - create IPUIPlugin
2024-05-14 00:03:11,362 [INFO] PluginManager:220 - loadIPPluginJar : add linkedlist
2024-05-14 00:03:11,390 [INFO] IPUIPlugin:80 - create IPUIPlugin
2024-05-14 00:03:11,390 [INFO] PluginManager:220 - loadIPPluginJar : add lorawan
2024-05-14 00:03:11,421 [INFO] IPUIPlugin:80 - create IPUIPlugin
2024-05-14 00:03:11,422 [INFO] PluginManager:220 - loadIPPluginJar : add ltdc
2024-05-14 00:03:11,434 [INFO] IPUIPlugin:80 - create IPUIPlugin
2024-05-14 00:03:11,435 [INFO] PluginManager:220 - loadIPPluginJar : add mdma
2024-05-14 00:03:11,444 [INFO] IPUIPlugin:80 - create IPUIPlugin
2024-05-14 00:03:11,444 [INFO] PluginManager:220 - loadIPPluginJar : add nvic
2024-05-14 00:03:11,471 [INFO] IPUIPlugin:80 - create IPUIPlugin
2024-05-14 00:03:11,471 [INFO] PluginManager:220 - loadIPPluginJar : add opamp
2024-05-14 00:03:11,518 [INFO] IPUIPlugin:80 - create IPUIPlugin
2024-05-14 00:03:11,518 [INFO] PluginManager:220 - loadIPPluginJar : add openamp
2024-05-14 00:03:11,550 [INFO] IPUIPlugin:80 - create IPUIPlugin
2024-05-14 00:03:11,550 [INFO] PluginManager:220 - loadIPPluginJar : add pdm2pcm
2024-05-14 00:03:11,562 [INFO] IPUIPlugin:80 - create IPUIPlugin
2024-05-14 00:03:11,563 [INFO] PluginManager:220 - loadIPPluginJar : add plateformsettings
2024-05-14 00:03:11,580 [INFO] IPUIPlugin:80 - create IPUIPlugin
2024-05-14 00:03:11,580 [INFO] PluginManager:220 - loadIPPluginJar : add quadspi
2024-05-14 00:03:11,589 [INFO] IPUIPlugin:80 - create IPUIPlugin
2024-05-14 00:03:11,589 [INFO] PluginManager:220 - loadIPPluginJar : add resmgrutility
2024-05-14 00:03:11,623 [INFO] IPUIPlugin:80 - create IPUIPlugin
2024-05-14 00:03:11,623 [INFO] PluginManager:220 - loadIPPluginJar : add sai
2024-05-14 00:03:11,652 [INFO] IPUIPlugin:80 - create IPUIPlugin
2024-05-14 00:03:11,652 [INFO] PluginManager:220 - loadIPPluginJar : add spi
2024-05-14 00:03:11,705 [INFO] IPUIPlugin:80 - create IPUIPlugin
2024-05-14 00:03:11,705 [INFO] PluginManager:220 - loadIPPluginJar : add stm32_wpan
2024-05-14 00:03:11,726 [INFO] IPUIPlugin:80 - create IPUIPlugin
2024-05-14 00:03:11,726 [INFO] PluginManager:220 - loadIPPluginJar : add tim
2024-05-14 00:03:11,776 [INFO] IPUIPlugin:80 - create IPUIPlugin
2024-05-14 00:03:11,776 [INFO] PluginManager:220 - loadIPPluginJar : add touchsensing
2024-05-14 00:03:11,794 [INFO] IPUIPlugin:80 - create IPUIPlugin
2024-05-14 00:03:11,794 [INFO] PluginManager:220 - loadIPPluginJar : add tracer_emb
2024-05-14 00:03:11,812 [INFO] IPUIPlugin:80 - create IPUIPlugin
2024-05-14 00:03:11,812 [INFO] PluginManager:220 - loadIPPluginJar : add ts
2024-05-14 00:03:11,827 [INFO] IPUIPlugin:80 - create IPUIPlugin
2024-05-14 00:03:11,827 [INFO] PluginManager:220 - loadIPPluginJar : add tsc
2024-05-14 00:03:11,847 [INFO] IPUIPlugin:80 - create IPUIPlugin
2024-05-14 00:03:11,848 [INFO] PluginManager:220 - loadIPPluginJar : add ucpd
2024-05-14 00:03:11,882 [INFO] IPUIPlugin:80 - create IPUIPlugin
2024-05-14 00:03:11,882 [INFO] PluginManager:220 - loadIPPluginJar : add usart
2024-05-14 00:03:11,917 [INFO] IPUIPlugin:80 - create IPUIPlugin
2024-05-14 00:03:11,917 [INFO] PluginManager:220 - loadIPPluginJar : add usbx
2024-05-14 00:03:12,031 [INFO] CADModel:165 - CPN selected for project level
2024-05-14 00:03:12,031 [INFO] CADModel:114 - Register for checkConnection events
2024-05-14 00:03:12,032 [FATAL] Updater:308 - Updater called before beeing initialized
2024-05-14 00:03:12,032 [ERROR] CADModel:125 - Updater not yet initialized, retry later 
2024-05-14 00:03:12,121 [INFO] CADModel:165 - CPN selected for project level
2024-05-14 00:03:12,122 [INFO] CADModel:114 - Register for checkConnection events
2024-05-14 00:03:12,122 [FATAL] Updater:308 - Updater called before beeing initialized
2024-05-14 00:03:12,122 [ERROR] CADModel:125 - Updater not yet initialized, retry later 
2024-05-14 00:03:12,124 [FATAL] Updater:308 - Updater called before beeing initialized
2024-05-14 00:03:12,212 [FATAL] Updater:308 - Updater called before beeing initialized
2024-05-14 00:03:12,221 [INFO] DbMcusAds:53 - JSON generation date=Thu May 02 05:37:29 ART 2024 (1714639049318)
2024-05-14 00:03:12,221 [FATAL] Updater:308 - Updater called before beeing initialized
2024-05-14 00:03:12,282 [WARN] DetailPanel:346 - Failed to get advertising image, set to default
2024-05-14 00:03:12,342 [FATAL] Updater:308 - Updater called before beeing initialized
2024-05-14 00:03:12,344 [FATAL] Updater:308 - Updater called before beeing initialized
2024-05-14 00:03:12,344 [FATAL] Updater:308 - Updater called before beeing initialized
2024-05-14 00:03:12,344 [WARN] DetailPanel:346 - Failed to get advertising image, set to default
2024-05-14 00:03:12,345 [FATAL] Updater:308 - Updater called before beeing initialized
2024-05-14 00:03:12,390 [ERROR] Updater:1120 - MainUpdater not yet initialized. External WinMGr cannot be set.
2024-05-14 00:03:12,397 [INFO] Updater:1056 - Updater Version found : 6.11.1
2024-05-14 00:03:12,414 [INFO] ApplicationProperties:184 - Using Application install path: C:\ST\STM32CubeIDE_1.15.1\STM32CubeIDE\plugins\com.st.stm32cube.common.mx_6.11.1.202404110753
2024-05-14 00:03:12,717 [INFO] MainUpdater:2873 - connection check result : 10
2024-05-14 00:03:12,718 [INFO] MainUpdater:290 - Updater Check For Update Now.
2024-05-14 00:03:12,718 [INFO] MicroXplorer:498 - Change Database Version : DB.6.0.111
2024-05-14 00:03:12,737 [INFO] McuFinderGlobals:63 - Set McuFinder mode to 2 (CubeIDE integrated)
2024-05-14 00:03:12,752 [INFO] UserAuth:415 - Internet connection configuration mode: 1
2024-05-14 00:03:12,804 [INFO] JxBrowserEngine:152 - Initiate JxBrowser Engine with user profile folder
2024-05-14 00:03:12,934 [INFO] CheckServerUpdateThread:120 - End of CheckServer Thread
2024-05-14 00:03:13,362 [WARN] PackLoader:240 - Cannot read IP mode file for STMicroelectronics.FP-SNS-MOTENVWB1.1.4.0
2024-05-14 00:03:13,375 [WARN] PackLoader:240 - Cannot read IP mode file for STMicroelectronics.X-CUBE-SMBUS.2.1.0
2024-05-14 00:03:13,387 [WARN] PackLoader:240 - Cannot read IP mode file for STMicroelectronics.X-CUBE-TOUCHGFX.4.23.1
2024-05-14 00:03:13,396 [WARN] PackLoader:240 - Cannot read IP mode file for STMicroelectronics.X-CUBE-TOUCHGFX.4.23.0
2024-05-14 00:03:13,403 [WARN] PackLoader:240 - Cannot read IP mode file for STMicroelectronics.X-CUBE-TOUCHGFX.4.23.2
2024-05-14 00:03:13,442 [WARN] PackLoader:240 - Cannot read IP mode file for STMicroelectronics.X-CUBE-AZRTOS-F7.1.1.0
2024-05-14 00:03:13,455 [ERROR] RealEvaluatedCondition:428 - Found unsupported composite condition: GROUP='STM32_MetaDataManager' CLASS='Data Exchange'
2024-05-14 00:03:13,455 [ERROR] RealEvaluatedCondition:428 - Found unsupported composite condition: CLASS='Data Exchange' GROUP='STM32_MetaDataManager'
2024-05-14 00:03:13,458 [WARN] PackLoader:240 - Cannot read IP mode file for STMicroelectronics.FP-SNS-MOTENV1.4.3.0
2024-05-14 00:03:13,470 [WARN] PackLoader:240 - Cannot read IP mode file for STMicroelectronics.FP-SNS-MOTENV1.4.3.2
2024-05-14 00:03:13,483 [WARN] PackLoader:240 - Cannot read IP mode file for STMicroelectronics.FP-SNS-FLIGHT1.5.0.0
2024-05-14 00:03:13,492 [ERROR] RealEvaluatedCondition:428 - Found unsupported composite condition: GROUP='STM32_MetaDataManager' CLASS='Data Exchange'
2024-05-14 00:03:13,492 [ERROR] RealEvaluatedCondition:428 - Found unsupported composite condition: CLASS='Data Exchange' GROUP='STM32_MetaDataManager'
2024-05-14 00:03:13,493 [WARN] PackLoader:240 - Cannot read IP mode file for STMicroelectronics.FP-SNS-MOTENV1.4.3.1
2024-05-14 00:03:13,502 [WARN] PackLoader:240 - Cannot read IP mode file for STMicroelectronics.FP-SNS-FLIGHT1.5.0.1
2024-05-14 00:03:13,516 [WARN] PackLoader:240 - Cannot read IP mode file for STMicroelectronics.X-CUBE-BLE1.6.2.4
2024-05-14 00:03:13,525 [WARN] PackLoader:240 - Cannot read IP mode file for STMicroelectronics.FP-SNS-FLIGHT1.5.0.2
2024-05-14 00:03:13,538 [WARN] PackLoader:240 - Cannot read IP mode file for STMicroelectronics.X-CUBE-DISPLAY.3.0.0
2024-05-14 00:03:13,550 [WARN] PackLoader:240 - Cannot read IP mode file for STMicroelectronics.X-CUBE-BLE1.7.0.0
2024-05-14 00:03:13,559 [WARN] PackLoader:240 - Cannot read IP mode file for STMicroelectronics.X-CUBE-TOUCHGFX.4.22.0
2024-05-14 00:03:13,567 [WARN] PackLoader:240 - Cannot read IP mode file for STMicroelectronics.X-CUBE-TOUCHGFX.4.22.1
2024-05-14 00:03:13,584 [WARN] PackLoader:240 - Cannot read IP mode file for STMicroelectronics.X-CUBE-BLEMGR.3.1.0
2024-05-14 00:03:13,597 [WARN] PackLoader:240 - Cannot read IP mode file for STMicroelectronics.FP-SNS-SMARTAG2.1.2.0
2024-05-14 00:03:13,612 [INFO] LogOutputStream:77 - [STDOUT_REDIRECT] 1 : Invalid condition id : UX_CORESTACK_Condition cause : null
2024-05-14 00:03:13,613 [INFO] LogOutputStream:77 - [STDOUT_REDIRECT] 1 : Invalid condition id : UX_CORESTACK_Condition cause : null
2024-05-14 00:03:13,615 [INFO] LogOutputStream:77 - [STDOUT_REDIRECT] 1 : Invalid condition id : UX_CORESTACK_Condition cause : null
2024-05-14 00:03:13,616 [INFO] LogOutputStream:77 - [STDOUT_REDIRECT] 1 : Invalid condition id : UX_CORESTACK_Condition cause : null
2024-05-14 00:03:13,617 [INFO] LogOutputStream:77 - [STDOUT_REDIRECT] 1 : Invalid condition id : UX_CORESTACK_Condition cause : null
2024-05-14 00:03:13,620 [WARN] PackLoader:240 - Cannot read IP mode file for STMicroelectronics.X-CUBE-AZRTOS-WL.2.0.0
2024-05-14 00:03:13,632 [WARN] PackLoader:240 - Cannot read IP mode file for STMicroelectronics.FP-SNS-MOTENV1.5.0.0
2024-05-14 00:03:13,645 [WARN] PackLoader:240 - Cannot read IP mode file for WES.I-CUBE-Cesium.1.3.0
2024-05-14 00:03:13,654 [WARN] PackLoader:240 - Cannot read IP mode file for STMicroelectronics.X-CUBE-BLE2.3.3.0
2024-05-14 00:03:13,663 [WARN] PackLoader:240 - Cannot read IP mode file for STMicroelectronics.X-CUBE-TCPP.4.1.0
2024-05-14 00:03:13,673 [WARN] PackLoader:240 - Cannot read IP mode file for STMicroelectronics.X-CUBE-TOUCHGFX.4.21.4
2024-05-14 00:03:13,683 [WARN] PackLoader:240 - Cannot read IP mode file for STMicroelectronics.X-CUBE-ALGOBUILD.1.3.0
2024-05-14 00:03:13,705 [WARN] PackLoader:240 - Cannot read IP mode file for STMicroelectronics.X-CUBE-AZRTOS-G0.1.1.0
2024-05-14 00:03:13,718 [WARN] PackLoader:240 - Cannot read IP mode file for STMicroelectronics.X-CUBE-SAFEA1.1.2.2
2024-05-14 00:03:13,732 [WARN] PackLoader:240 - Cannot read IP mode file for STMicroelectronics.X-CUBE-NFC4.3.0.0
2024-05-14 00:03:13,746 [WARN] PackLoader:240 - Cannot read IP mode file for STMicroelectronics.X-CUBE-BLEMGR.3.0.0
2024-05-14 00:03:13,768 [WARN] PackLoader:240 - Cannot read IP mode file for STMicroelectronics.FP-ATR-SIGFOX1.3.2.0
2024-05-14 00:03:13,790 [WARN] PackLoader:240 - Cannot read IP mode file for STMicroelectronics.X-CUBE-EEPRMA1.5.1.0
2024-05-14 00:03:13,838 [WARN] PackLoader:240 - Cannot read IP mode file for SEGGER.I-CUBE-embOS.1.3.1
2024-05-14 00:03:13,904 [WARN] PackLoader:240 - Cannot read IP mode file for STMicroelectronics.X-CUBE-ALGOBUILD.1.4.0
2024-05-14 00:03:13,935 [WARN] PackLoader:240 - Cannot read IP mode file for STMicroelectronics.X-CUBE-GNSS1.6.0.0
2024-05-14 00:03:13,970 [WARN] PackLoader:240 - Cannot read IP mode file for STMicroelectronics.X-CUBE-AZRTOS-F4.1.1.0
2024-05-14 00:03:13,987 [WARN] PackLoader:240 - Cannot read IP mode file for wolfSSL.I-CUBE-wolfSSL.5.6.0
2024-05-14 00:03:14,003 [WARN] PackLoader:240 - Cannot read IP mode file for STMicroelectronics.X-CUBE-FREERTOS.1.2.0
2024-05-14 00:03:14,032 [WARN] PackLoader:240 - Cannot read IP mode file for STMicroelectronics.X-CUBE-AZRTOS-L5.2.0.0
2024-05-14 00:03:14,076 [WARN] PackLoader:240 - Cannot read IP mode file for STMicroelectronics.X-CUBE-MEMS1.9.6.0
2024-05-14 00:03:14,197 [WARN] PackLoader:240 - Cannot read IP mode file for STMicroelectronics.X-CUBE-EEPRMA1.4.2.0
2024-05-14 00:03:14,214 [WARN] PackLoader:240 - Cannot read IP mode file for STMicroelectronics.X-CUBE-NFC6.3.1.0
2024-05-14 00:03:14,231 [WARN] PackLoader:240 - Cannot read IP mode file for ITTIA_DB.I-CUBE-ITTIADB.8.8.0
2024-05-14 00:03:14,248 [WARN] PackLoader:240 - Cannot read IP mode file for emotas.I-CUBE-CANOPEN.1.1.3
2024-05-14 00:03:14,264 [WARN] PackLoader:240 - Cannot read IP mode file for STMicroelectronics.X-CUBE-BLEMGR.2.0.0
2024-05-14 00:03:14,281 [WARN] PackLoader:240 - Cannot read IP mode file for STMicroelectronics.X-CUBE-AI.9.0.0
2024-05-14 00:03:14,310 [WARN] ConditionMgr:438 - getConditionDescription Invalid condition id : UX DEVICE CLASS RTOS Condition cause : null
2024-05-14 00:03:14,310 [WARN] ConditionMgr:438 - getConditionDescription Invalid condition id : UX DEVICE CLASS RTOS Condition cause : null
2024-05-14 00:03:14,313 [WARN] PackLoader:240 - Cannot read IP mode file for STMicroelectronics.X-CUBE-AZRTOS-H7.3.1.0
2024-05-14 00:03:14,314 [WARN] ConditionMgr:1039 - genDependencies : Invalid condition id : UX DEVICE CLASS RTOS Condition cause : null
2024-05-14 00:03:14,315 [WARN] ConditionMgr:1039 - genDependencies : Invalid condition id : UX DEVICE CLASS RTOS Condition cause : null
2024-05-14 00:03:14,316 [WARN] ConditionMgr:1039 - genDependencies : Invalid condition id : UX DEVICE CLASS RTOS Condition cause : null
2024-05-14 00:03:14,316 [WARN] ConditionMgr:1039 - genDependencies : Invalid condition id : UX DEVICE CLASS RTOS Condition cause : null
2024-05-14 00:03:14,316 [WARN] ConditionMgr:1039 - genDependencies : Invalid condition id : UX DEVICE CLASS RTOS Condition cause : null
2024-05-14 00:03:14,330 [WARN] PackLoader:240 - Cannot read IP mode file for STMicroelectronics.X-CUBE-NFC7.1.0.1
2024-05-14 00:03:14,347 [WARN] PackLoader:240 - Cannot read IP mode file for STMicroelectronics.X-CUBE-NFC7.1.0.0
2024-05-14 00:03:14,361 [WARN] PackLoader:240 - Cannot read IP mode file for STMicroelectronics.X-CUBE-NFC6.3.0.0
2024-05-14 00:03:14,381 [WARN] PackLoader:240 - Cannot read IP mode file for STMicroelectronics.X-CUBE-EEPRMA1.4.1.0
2024-05-14 00:03:14,399 [WARN] PackLoader:240 - Cannot read IP mode file for STMicroelectronics.X-CUBE-AI.8.1.0
2024-05-14 00:03:14,432 [WARN] ConditionMgr:438 - getConditionDescription Invalid condition id : LAN8742 Phy interface Condition cause : null
2024-05-14 00:03:14,432 [WARN] PackLoader:240 - Cannot read IP mode file for STMicroelectronics.X-CUBE-AZRTOS-L4.2.0.0
2024-05-14 00:03:14,434 [WARN] ConditionMgr:1039 - genDependencies : Invalid condition id : LAN8742 Phy interface Condition cause : null
2024-05-14 00:03:14,434 [WARN] ConditionMgr:1039 - genDependencies : Invalid condition id : LAN8742 Phy interface Condition cause : null
2024-05-14 00:03:14,434 [WARN] ConditionMgr:1039 - genDependencies : Invalid condition id : LAN8742 Phy interface Condition cause : null
2024-05-14 00:03:14,452 [WARN] PackLoader:240 - Cannot read IP mode file for STMicroelectronics.X-CUBE-SFXS2LP1.4.0.0
2024-05-14 00:03:14,468 [WARN] PackLoader:240 - Cannot read IP mode file for STMicroelectronics.X-CUBE-ISPU.1.1.0
2024-05-14 00:03:14,494 [WARN] ConditionMgr:438 - getConditionDescription Invalid condition id : UX DEVICE CLASS RTOS Condition cause : null
2024-05-14 00:03:14,494 [WARN] ConditionMgr:438 - getConditionDescription Invalid condition id : UX DEVICE CLASS RTOS Condition cause : null
2024-05-14 00:03:14,495 [WARN] PackLoader:240 - Cannot read IP mode file for STMicroelectronics.X-CUBE-AZRTOS-WB.2.0.0
2024-05-14 00:03:14,497 [WARN] ConditionMgr:1039 - genDependencies : Invalid condition id : UX DEVICE CLASS RTOS Condition cause : null
2024-05-14 00:03:14,497 [WARN] ConditionMgr:1039 - genDependencies : Invalid condition id : UX DEVICE CLASS RTOS Condition cause : null
2024-05-14 00:03:14,497 [WARN] ConditionMgr:1039 - genDependencies : Invalid condition id : UX DEVICE CLASS RTOS Condition cause : null
2024-05-14 00:03:14,497 [WARN] ConditionMgr:1039 - genDependencies : Invalid condition id : UX DEVICE CLASS RTOS Condition cause : null
2024-05-14 00:03:14,498 [WARN] ConditionMgr:1039 - genDependencies : Invalid condition id : UX DEVICE CLASS RTOS Condition cause : null
2024-05-14 00:03:14,512 [WARN] PackLoader:240 - Cannot read IP mode file for STMicroelectronics.X-CUBE-FREERTOS.1.0.1
2024-05-14 00:03:14,545 [WARN] PackLoader:240 - Cannot read IP mode file for STMicroelectronics.X-CUBE-AZRTOS-L5.1.1.0
2024-05-14 00:03:14,562 [WARN] PackLoader:240 - Cannot read IP mode file for STMicroelectronics.X-CUBE-AI.8.0.1
2024-05-14 00:03:14,591 [WARN] PackLoader:240 - Cannot read IP mode file for STMicroelectronics.X-CUBE-SUBG2.5.0.0
2024-05-14 00:03:14,615 [WARN] PackLoader:240 - Cannot read IP mode file for Cesanta.I-CUBE-Mongoose.7.13.0
2024-05-14 00:03:14,631 [WARN] PackLoader:240 - Cannot read IP mode file for STMicroelectronics.X-CUBE-TOF1.3.3.1
2024-05-14 00:03:14,661 [WARN] PackLoader:240 - Cannot read IP mode file for STMicroelectronics.X-CUBE-AZRTOS-G4.2.0.0
2024-05-14 00:03:14,686 [WARN] PackLoader:240 - Cannot read IP mode file for STMicroelectronics.X-CUBE-TOF1.3.3.0
2024-05-14 00:03:14,716 [WARN] PackLoader:240 - Cannot read IP mode file for Infineon.AIROC-Wi-Fi-Bluetooth-STM32.1.5.1
2024-05-14 00:03:14,734 [WARN] PackLoader:240 - Cannot read IP mode file for STMicroelectronics.FP-SNS-MOTENVWB1.1.3.0
2024-05-14 00:03:14,750 [WARN] PackLoader:240 - Cannot read IP mode file for STMicroelectronics.FP-SNS-MOTENVWB1.1.3.1
2024-05-14 00:03:14,784 [WARN] PackLoader:240 - Cannot read IP mode file for STMicroelectronics.X-CUBE-AZRTOS-L4.1.0.0
2024-05-14 00:03:14,805 [WARN] PackLoader:240 - Cannot read IP mode file for STMicroelectronics.X-CUBE-ISPU.2.0.0
2024-05-14 00:03:14,854 [WARN] PackLoader:240 - Cannot read IP mode file for STMicroelectronics.X-CUBE-MEMS1.10.0.0
2024-05-14 00:03:14,976 [WARN] PackLoader:240 - Cannot read IP mode file for STMicroelectronics.X-CUBE-FREERTOS.1.1.0
2024-05-14 00:03:15,002 [WARN] PackLoader:240 - Cannot read IP mode file for STMicroelectronics.X-CUBE-AZRTOS-WL.1.0.0
2024-05-14 00:03:15,065 [WARN] PackLoader:240 - Cannot read IP mode file for portGmbH.I-Cube-SoM-uGOAL.1.1.0
2024-05-14 00:03:15,080 [WARN] PackLoader:240 - Cannot read IP mode file for STMicroelectronics.X-CUBE-ALS.1.0.1
2024-05-14 00:03:15,104 [WARN] PackLoader:240 - Cannot read IP mode file for STMicroelectronics.X-CUBE-AZRTOS-WB.1.1.0
2024-05-14 00:03:15,127 [WARN] PackLoader:240 - Cannot read IP mode file for STMicroelectronics.X-CUBE-AZRTOS-H7RS.1.0.0
2024-05-14 00:03:15,143 [WARN] PackLoader:240 - Cannot read IP mode file for STMicroelectronics.FP-ATR-ASTRA1.2.0.0
2024-05-14 00:03:15,171 [WARN] PackLoader:240 - Cannot read IP mode file for STMicroelectronics.X-CUBE-TOF1.3.4.0
2024-05-14 00:03:15,200 [WARN] PackLoader:240 - Cannot read IP mode file for STMicroelectronics.X-CUBE-TOF1.3.4.1
2024-05-14 00:03:15,248 [WARN] PackLoader:240 - Cannot read IP mode file for STMicroelectronics.X-CUBE-AZRTOS-H7.3.2.0
2024-05-14 00:03:15,252 [INFO] ThirdParty:978 - Integrity check success = true
2024-05-14 00:03:15,252 [INFO] IntegrityCheckThread:100 - exiting critical section [integrity check]
2024-05-14 00:03:15,252 [INFO] IntegrityCheckThread:103 - End integrity checks thread
2024-05-14 00:03:16,824 [INFO] WebApp:161 - Instantiating new browser for Auth
2024-05-14 00:03:17,337 [INFO] WebApp:779 - Register for checkConnection events
2024-05-14 00:03:17,337 [INFO] WebApp:414 - Apply proxy settings
2024-05-14 00:03:17,337 [INFO] WebApp:499 - Chromium requires no authentication
2024-05-14 00:03:17,341 [INFO] WebApp:442 - Direct internet connection detected
2024-05-14 00:03:17,437 [INFO] WebApp:192 - Starting web application
2024-05-14 00:03:17,437 [INFO] WebApp:544 - Web application path used C:\ST\STM32CubeIDE_1.15.1\STM32CubeIDE\plugins\com.st.stm32cube.common.mx_6.11.1.202404110753\db\plugins\mcufinder\reactClient1\index.html
2024-05-14 00:04:50,792 [ERROR] LogOutputStream:75 - [STDERR_REDIRECT] 
